2025-04-15 08:37:23,014 - Logger - INFO - WebSocket connection established
2025-04-15 08:37:23,199 - Logger - INFO - WebSocket connection ID: JOHN, <starlette.websockets.WebSocket object at 0x794dd2ea2d70>, {'text': 'Artificial intelligence, or AI, has transformed the way we interact with technology. From virtual assistants and recommendation systems to autonomous vehicles and medical diagnostics, AI is becoming increasingly integrated into our everyday lives. One of the most exciting aspects of AI is its ability to learn and adapt through data, enabling systems to improve over time without explicit programming. However, this rapid growth also brings challenges, including ethical concerns, data privacy, and job displacement. As we continue to develop and deploy AI technologies, it’s important to ensure they are used responsibly and transparently, with consideration for the impact they may have on individuals and society as a whole.', 'stream_id': 'JOHN'}
2025-04-15 08:37:23,819 - Logger - INFO - Processed chunk size:0// 9444
2025-04-15 08:37:23,819 - Logger - INFO - Sending chunk for JOHN
2025-04-15 08:37:24,229 - Logger - INFO - Processed chunk size:1// 9900
2025-04-15 08:37:24,229 - Logger - INFO - Sending chunk for JOHN
2025-04-15 08:37:24,659 - Logger - INFO - Processed chunk size:2// 9900
2025-04-15 08:37:24,659 - Logger - INFO - Sending chunk for JOHN
2025-04-15 08:37:25,131 - Logger - INFO - Processed chunk size:3// 9900
2025-04-15 08:37:25,131 - Logger - INFO - Sending chunk for JOHN
2025-04-15 08:37:25,617 - Logger - INFO - Processed chunk size:4// 9900
2025-04-15 08:37:25,618 - Logger - INFO - Sending chunk for JOHN
2025-04-15 08:37:26,133 - Logger - INFO - Processed chunk size:5// 9900
2025-04-15 08:37:26,134 - Logger - INFO - Sending chunk for JOHN
2025-04-15 08:37:26,697 - Logger - INFO - Processed chunk size:6// 9900
2025-04-15 08:37:26,697 - Logger - INFO - Sending chunk for JOHN
2025-04-15 08:37:27,279 - Logger - INFO - Processed chunk size:7// 9900
2025-04-15 08:37:27,279 - Logger - INFO - Sending chunk for JOHN
2025-04-15 08:37:27,874 - Logger - INFO - Processed chunk size:8// 9900
2025-04-15 08:37:27,874 - Logger - INFO - Sending chunk for JOHN
2025-04-15 08:37:28,505 - Logger - INFO - Processed chunk size:9// 9900
2025-04-15 08:37:28,505 - Logger - INFO - Sending chunk for JOHN
2025-04-15 08:37:29,164 - Logger - INFO - Processed chunk size:10// 9900
2025-04-15 08:37:29,164 - Logger - INFO - Sending chunk for JOHN
2025-04-15 08:37:29,855 - Logger - INFO - Processed chunk size:11// 9900
2025-04-15 08:37:29,856 - Logger - INFO - Sending chunk for JOHN
2025-04-15 08:37:30,579 - Logger - INFO - Processed chunk size:12// 9900
2025-04-15 08:37:30,579 - Logger - INFO - Sending chunk for JOHN
2025-04-15 08:37:31,325 - Logger - INFO - Processed chunk size:13// 10012
2025-04-15 08:37:31,325 - Logger - INFO - Sending chunk for JOHN
2025-04-15 08:37:32,118 - Logger - INFO - Processed chunk size:14// 9900
2025-04-15 08:37:32,118 - Logger - INFO - Sending chunk for JOHN
2025-04-15 08:37:32,659 - Logger - INFO - Processed chunk size:15// 2960
2025-04-15 08:37:32,659 - Logger - INFO - Sending chunk for JOHN
2025-04-15 08:37:33,089 - Logger - INFO - Processed chunk size:16// 9444
2025-04-15 08:37:33,090 - Logger - INFO - Sending chunk for JOHN
2025-04-15 08:37:33,488 - Logger - INFO - Processed chunk size:17// 9900
2025-04-15 08:37:33,488 - Logger - INFO - Sending chunk for JOHN
2025-04-15 08:37:33,906 - Logger - INFO - Processed chunk size:18// 9900
2025-04-15 08:37:33,906 - Logger - INFO - Sending chunk for JOHN
2025-04-15 08:37:34,360 - Logger - INFO - Processed chunk size:19// 9900
2025-04-15 08:37:34,360 - Logger - INFO - Sending chunk for JOHN
2025-04-15 08:37:34,845 - Logger - INFO - Processed chunk size:20// 9900
2025-04-15 08:37:34,845 - Logger - INFO - Sending chunk for JOHN
2025-04-15 08:37:35,349 - Logger - INFO - Processed chunk size:21// 9900
2025-04-15 08:37:35,349 - Logger - INFO - Sending chunk for JOHN
2025-04-15 08:37:35,896 - Logger - INFO - Processed chunk size:22// 9900
2025-04-15 08:37:35,896 - Logger - INFO - Sending chunk for JOHN
2025-04-15 08:37:36,476 - Logger - INFO - Processed chunk size:23// 9900
2025-04-15 08:37:36,476 - Logger - INFO - Sending chunk for JOHN
2025-04-15 08:37:37,076 - Logger - INFO - Processed chunk size:24// 9900
2025-04-15 08:37:37,076 - Logger - INFO - Sending chunk for JOHN
2025-04-15 08:37:37,699 - Logger - INFO - Processed chunk size:25// 9900
2025-04-15 08:37:37,699 - Logger - INFO - Sending chunk for JOHN
2025-04-15 08:37:38,351 - Logger - INFO - Processed chunk size:26// 9900
2025-04-15 08:37:38,351 - Logger - INFO - Sending chunk for JOHN
2025-04-15 08:37:38,761 - Logger - INFO - Processed chunk size:27// 2504
2025-04-15 08:37:38,761 - Logger - INFO - Sending chunk for JOHN
2025-04-15 08:37:39,187 - Logger - INFO - Processed chunk size:28// 9444
2025-04-15 08:37:39,188 - Logger - INFO - Sending chunk for JOHN
2025-04-15 08:37:39,573 - Logger - INFO - Processed chunk size:29// 9900
2025-04-15 08:37:39,573 - Logger - INFO - Sending chunk for JOHN
2025-04-15 08:37:39,985 - Logger - INFO - Processed chunk size:30// 9900
2025-04-15 08:37:39,985 - Logger - INFO - Sending chunk for JOHN
2025-04-15 08:37:40,435 - Logger - INFO - Processed chunk size:31// 9900
2025-04-15 08:37:40,435 - Logger - INFO - Sending chunk for JOHN
2025-04-15 08:37:40,913 - Logger - INFO - Processed chunk size:32// 9900
2025-04-15 08:37:40,913 - Logger - INFO - Sending chunk for JOHN
2025-04-15 08:37:41,429 - Logger - INFO - Processed chunk size:33// 9900
2025-04-15 08:37:41,429 - Logger - INFO - Sending chunk for JOHN
2025-04-15 08:37:41,977 - Logger - INFO - Processed chunk size:34// 9900
2025-04-15 08:37:41,977 - Logger - INFO - Sending chunk for JOHN
2025-04-15 08:37:42,542 - Logger - INFO - Processed chunk size:35// 9900
2025-04-15 08:37:42,542 - Logger - INFO - Sending chunk for JOHN
2025-04-15 08:37:43,028 - Logger - INFO - Processed chunk size:36// 6940
2025-04-15 08:37:43,028 - Logger - INFO - Sending chunk for JOHN
2025-04-15 08:37:43,479 - Logger - INFO - Processed chunk size:37// 9444
2025-04-15 08:37:43,480 - Logger - INFO - Sending chunk for JOHN
2025-04-15 08:37:43,884 - Logger - INFO - Processed chunk size:38// 9900
2025-04-15 08:37:43,885 - Logger - INFO - Sending chunk for JOHN
2025-04-15 08:37:44,304 - Logger - INFO - Processed chunk size:39// 9900
2025-04-15 08:37:44,304 - Logger - INFO - Sending chunk for JOHN
2025-04-15 08:37:44,751 - Logger - INFO - Processed chunk size:40// 9900
2025-04-15 08:37:44,751 - Logger - INFO - Sending chunk for JOHN
2025-04-15 08:37:45,229 - Logger - INFO - Processed chunk size:41// 9900
2025-04-15 08:37:45,229 - Logger - INFO - Sending chunk for JOHN
2025-04-15 08:37:45,747 - Logger - INFO - Processed chunk size:42// 9900
2025-04-15 08:37:45,747 - Logger - INFO - Sending chunk for JOHN
2025-04-15 08:37:46,287 - Logger - INFO - Processed chunk size:43// 9900
2025-04-15 08:37:46,287 - Logger - INFO - Sending chunk for JOHN
2025-04-15 08:37:46,864 - Logger - INFO - Processed chunk size:44// 9900
2025-04-15 08:37:46,865 - Logger - INFO - Sending chunk for JOHN
2025-04-15 08:37:47,460 - Logger - INFO - Processed chunk size:45// 9900
2025-04-15 08:37:47,460 - Logger - INFO - Sending chunk for JOHN
2025-04-15 08:37:48,091 - Logger - INFO - Processed chunk size:46// 9900
2025-04-15 08:37:48,091 - Logger - INFO - Sending chunk for JOHN
2025-04-15 08:37:48,750 - Logger - INFO - Processed chunk size:47// 9900
2025-04-15 08:37:48,750 - Logger - INFO - Sending chunk for JOHN
2025-04-15 08:37:49,440 - Logger - INFO - Processed chunk size:48// 9900
2025-04-15 08:37:49,440 - Logger - INFO - Sending chunk for JOHN
2025-04-15 08:37:50,172 - Logger - INFO - Processed chunk size:49// 9900
2025-04-15 08:37:50,172 - Logger - INFO - Sending chunk for JOHN
2025-04-15 08:37:50,918 - Logger - INFO - Processed chunk size:50// 10012
2025-04-15 08:37:50,918 - Logger - INFO - Sending chunk for JOHN
2025-04-15 08:37:51,568 - Logger - INFO - Processed chunk size:51// 6372
2025-04-15 08:37:51,568 - Logger - INFO - Sending chunk for JOHN
2025-04-15 08:37:51,569 - Logger - INFO - Sending completion message
2025-04-15 08:37:51,570 - Logger - INFO - WebSocket connection established
2025-04-15 08:37:51,571 - Logger - INFO - WebSocket connection established
2025-04-15 08:37:51,572 - Logger - INFO - WebSocket connection established
2025-04-15 08:37:51,904 - Logger - INFO - WebSocket connection ID: MANUSH, <starlette.websockets.WebSocket object at 0x794dd8df5000>, {'text': 'The server has been restarted successfully. Please check the logs for more details.', 'stream_id': 'MANUSH'}
2025-04-15 08:37:52,342 - Logger - INFO - Processed chunk size:0// 9444
2025-04-15 08:37:52,343 - Logger - INFO - Sending chunk for MANUSH
2025-04-15 08:37:52,734 - Logger - INFO - Processed chunk size:1// 9900
2025-04-15 08:37:52,734 - Logger - INFO - Sending chunk for MANUSH
2025-04-15 08:37:53,143 - Logger - INFO - Processed chunk size:2// 9900
2025-04-15 08:37:53,143 - Logger - INFO - Sending chunk for MANUSH
2025-04-15 08:37:53,586 - Logger - INFO - Processed chunk size:3// 9900
2025-04-15 08:37:53,586 - Logger - INFO - Sending chunk for MANUSH
2025-04-15 08:37:54,060 - Logger - INFO - Processed chunk size:4// 9900
2025-04-15 08:37:54,060 - Logger - INFO - Sending chunk for MANUSH
2025-04-15 08:37:54,261 - Logger - INFO - Processed chunk size:5// 1480
2025-04-15 08:37:54,261 - Logger - INFO - Sending chunk for MANUSH
2025-04-15 08:37:54,261 - Logger - INFO - Sending completion message
2025-04-15 08:37:54,262 - Logger - INFO - WebSocket connection established
2025-04-15 08:37:54,623 - Logger - INFO - WebSocket connection ID: UMMAN CHANDI, <starlette.websockets.WebSocket object at 0x794dd8df5210>, {'text': "Today's weather forecast: sunny skies with a high of 75 degrees Fahrenheit and a low of 58 degrees tonight.", 'stream_id': 'UMMAN CHANDI'}
2025-04-15 08:37:55,083 - Logger - INFO - Processed chunk size:0// 9444
2025-04-15 08:37:55,083 - Logger - INFO - Sending chunk for UMMAN CHANDI
2025-04-15 08:37:55,478 - Logger - INFO - Processed chunk size:1// 9900
2025-04-15 08:37:55,478 - Logger - INFO - Sending chunk for UMMAN CHANDI
2025-04-15 08:37:55,902 - Logger - INFO - Processed chunk size:2// 9900
2025-04-15 08:37:55,902 - Logger - INFO - Sending chunk for UMMAN CHANDI
2025-04-15 08:37:56,350 - Logger - INFO - Processed chunk size:3// 9900
2025-04-15 08:37:56,350 - Logger - INFO - Sending chunk for UMMAN CHANDI
2025-04-15 08:37:56,832 - Logger - INFO - Processed chunk size:4// 9900
2025-04-15 08:37:56,832 - Logger - INFO - Sending chunk for UMMAN CHANDI
2025-04-15 08:37:57,339 - Logger - INFO - Processed chunk size:5// 9900
2025-04-15 08:37:57,339 - Logger - INFO - Sending chunk for UMMAN CHANDI
2025-04-15 08:37:57,883 - Logger - INFO - Processed chunk size:6// 9900
2025-04-15 08:37:57,884 - Logger - INFO - Sending chunk for UMMAN CHANDI
2025-04-15 08:37:58,289 - Logger - INFO - Processed chunk size:7// 5464
2025-04-15 08:37:58,289 - Logger - INFO - Sending chunk for UMMAN CHANDI2025-04-15 08:37:51,904 - Logger - INFO - WebSocket connection ID: MANUSH, <starlette.websockets.WebSocket object at 0x794dd8df5000>, {'text': 'The server has been restarted successfully. Please check the logs for more details.', 'stream_id': 'MANUSH'}

2025-04-15 08:37:59,646 - Logger - INFO - Processed chunk size:2// 1480
2025-04-15 08:37:59,646 - Logger - INFO - Sending chunk for JACKIE
2025-04-15 08:37:59,646 - Logger - INFO - Sending completion message
2025-04-15 08:37:59,647 - Logger - INFO - WebSocket connection established
2025-04-15 08:37:59,917 - Logger - INFO - WebSocket connection ID: BEAN, <starlette.websockets.WebSocket object at 0x794dd8dd1960>, {'text': 'To deploy', 'stream_id': 'BEAN'}
2025-04-15 08:38:00,342 - Logger - INFO - Processed chunk size:0// 9444
2025-04-15 08:38:00,342 - Logger - INFO - Sending chunk for BEAN
2025-04-15 08:38:00,452 - Logger - INFO - Processed chunk size:1// 1936
2025-04-15 08:38:00,452 - Logger - INFO - Sending chunk for BEAN
2025-04-15 08:38:00,452 - Logger - INFO - Sending completion message
2025-04-15 08:46:17,304 - Logger - INFO - WebSocket connection established
2025-04-15 08:46:17,621 - Logger - INFO - WebSocket connection ID: JOHN, <starlette.websockets.WebSocket object at 0x768baec649d0>, {'text': 'Artificial intelligence, or AI, has transformed the way we interact with technology. From virtual assistants and recommendation systems to autonomous vehicles and medical diagnostics, AI is becoming increasingly integrated into our everyday lives. One of the most exciting aspects of AI is its ability to learn and adapt through data, enabling systems to improve over time without explicit programming. However, this rapid growth also brings challenges, including ethical concerns, data privacy, and job displacement. As we continue to develop and deploy AI technologies, it’s important to ensure they are used responsibly and transparently, with consideration for the impact they may have on individuals and society as a whole.', 'stream_id': 'JOHN'}
2025-04-15 08:46:18,469 - Logger - INFO - Processed chunk size:0// 9444
2025-04-15 08:46:18,470 - Logger - INFO - Sending chunk for JOHN
2025-04-15 08:46:18,862 - Logger - INFO - Processed chunk size:1// 9900
2025-04-15 08:46:18,862 - Logger - INFO - Sending chunk for JOHN
2025-04-15 08:46:19,288 - Logger - INFO - Processed chunk size:2// 9900
2025-04-15 08:46:19,288 - Logger - INFO - Sending chunk for JOHN
2025-04-15 08:46:19,750 - Logger - INFO - Processed chunk size:3// 9900
2025-04-15 08:46:19,750 - Logger - INFO - Sending chunk for JOHN
2025-04-15 08:46:20,247 - Logger - INFO - Processed chunk size:4// 9900
2025-04-15 08:46:20,247 - Logger - INFO - Sending chunk for JOHN
2025-04-15 08:46:20,766 - Logger - INFO - Processed chunk size:5// 9900
2025-04-15 08:46:20,766 - Logger - INFO - Sending chunk for JOHN
2025-04-15 08:46:21,314 - Logger - INFO - Processed chunk size:6// 9900
2025-04-15 08:46:21,314 - Logger - INFO - Sending chunk for JOHN
2025-04-15 08:46:21,881 - Logger - INFO - Processed chunk size:7// 9900
2025-04-15 08:46:21,881 - Logger - INFO - Sending chunk for JOHN
2025-04-15 08:46:22,479 - Logger - INFO - Processed chunk size:8// 9900
2025-04-15 08:46:22,479 - Logger - INFO - Sending chunk for JOHN
2025-04-15 08:46:23,122 - Logger - INFO - Processed chunk size:9// 9900
2025-04-15 08:46:23,122 - Logger - INFO - Sending chunk for JOHN
2025-04-15 08:46:23,794 - Logger - INFO - Processed chunk size:10// 9900
2025-04-15 08:46:23,794 - Logger - INFO - Sending chunk for JOHN
2025-04-15 08:46:24,481 - Logger - INFO - Processed chunk size:11// 9900
2025-04-15 08:46:24,481 - Logger - INFO - Sending chunk for JOHN
2025-04-15 08:46:25,209 - Logger - INFO - Processed chunk size:12// 9900
2025-04-15 08:46:25,209 - Logger - INFO - Sending chunk for JOHN
2025-04-15 08:46:25,956 - Logger - INFO - Processed chunk size:13// 10012
2025-04-15 08:46:25,957 - Logger - INFO - Sending chunk for JOHN
2025-04-15 08:46:26,735 - Logger - INFO - Processed chunk size:14// 9900
2025-04-15 08:46:26,735 - Logger - INFO - Sending chunk for JOHN
2025-04-15 08:46:27,541 - Logger - INFO - Processed chunk size:15// 9900
2025-04-15 08:46:27,541 - Logger - INFO - Sending chunk for JOHN
2025-04-15 08:46:28,284 - Logger - INFO - Processed chunk size:16// 7396
2025-04-15 08:46:28,285 - Logger - INFO - Sending chunk for JOHN
2025-04-15 08:46:28,712 - Logger - INFO - Processed chunk size:17// 9444
2025-04-15 08:46:28,712 - Logger - INFO - Sending chunk for JOHN
2025-04-15 08:46:29,105 - Logger - INFO - Processed chunk size:18// 9900
2025-04-15 08:46:29,106 - Logger - INFO - Sending chunk for JOHN
2025-04-15 08:46:29,521 - Logger - INFO - Processed chunk size:19// 9900
2025-04-15 08:46:29,521 - Logger - INFO - Sending chunk for JOHN
2025-04-15 08:46:29,969 - Logger - INFO - Processed chunk size:20// 9900
2025-04-15 08:46:29,969 - Logger - INFO - Sending chunk for JOHN
2025-04-15 08:46:30,448 - Logger - INFO - Processed chunk size:21// 9900
2025-04-15 08:46:30,448 - Logger - INFO - Sending chunk for JOHN
2025-04-15 08:46:30,961 - Logger - INFO - Processed chunk size:22// 9900
2025-04-15 08:46:30,961 - Logger - INFO - Sending chunk for JOHN
2025-04-15 08:46:31,510 - Logger - INFO - Processed chunk size:23// 9900
2025-04-15 08:46:31,510 - Logger - INFO - Sending chunk for JOHN
2025-04-15 08:46:32,074 - Logger - INFO - Processed chunk size:24// 9900
2025-04-15 08:46:32,074 - Logger - INFO - Sending chunk for JOHN
2025-04-15 08:46:32,663 - Logger - INFO - Processed chunk size:25// 9900
2025-04-15 08:46:32,663 - Logger - INFO - Sending chunk for JOHN
2025-04-15 08:46:33,284 - Logger - INFO - Processed chunk size:26// 9900
2025-04-15 08:46:33,284 - Logger - INFO - Sending chunk for JOHN
2025-04-15 08:46:33,895 - Logger - INFO - Processed chunk size:27// 8988
2025-04-15 08:46:33,896 - Logger - INFO - Sending chunk for JOHN
2025-04-15 08:46:34,319 - Logger - INFO - Processed chunk size:28// 9444
2025-04-15 08:46:34,319 - Logger - INFO - Sending chunk for JOHN
2025-04-15 08:46:34,707 - Logger - INFO - Processed chunk size:29// 9900
2025-04-15 08:46:34,707 - Logger - INFO - Sending chunk for JOHN
2025-04-15 08:46:35,121 - Logger - INFO - Processed chunk size:30// 9900
2025-04-15 08:46:35,122 - Logger - INFO - Sending chunk for JOHN
2025-04-15 08:46:35,574 - Logger - INFO - Processed chunk size:31// 9900
2025-04-15 08:46:35,574 - Logger - INFO - Sending chunk for JOHN
2025-04-15 08:46:36,053 - Logger - INFO - Processed chunk size:32// 9900
2025-04-15 08:46:36,054 - Logger - INFO - Sending chunk for JOHN
2025-04-15 08:46:36,563 - Logger - INFO - Processed chunk size:33// 9900
2025-04-15 08:46:36,563 - Logger - INFO - Sending chunk for JOHN
2025-04-15 08:46:37,097 - Logger - INFO - Processed chunk size:34// 9900
2025-04-15 08:46:37,097 - Logger - INFO - Sending chunk for JOHN
2025-04-15 08:46:37,658 - Logger - INFO - Processed chunk size:35// 9900
2025-04-15 08:46:37,658 - Logger - INFO - Sending chunk for JOHN
2025-04-15 08:46:38,254 - Logger - INFO - Processed chunk size:36// 9900
2025-04-15 08:46:38,254 - Logger - INFO - Sending chunk for JOHN
2025-04-15 08:46:38,872 - Logger - INFO - Processed chunk size:37// 9900
2025-04-15 08:46:38,872 - Logger - INFO - Sending chunk for JOHN
2025-04-15 08:46:39,179 - Logger - INFO - Processed chunk size:38// 568
2025-04-15 08:46:39,179 - Logger - INFO - Sending chunk for JOHN
2025-04-15 08:46:39,638 - Logger - INFO - Processed chunk size:39// 9444
2025-04-15 08:46:39,638 - Logger - INFO - Sending chunk for JOHN
2025-04-15 08:46:40,042 - Logger - INFO - Processed chunk size:40// 9900
2025-04-15 08:46:40,042 - Logger - INFO - Sending chunk for JOHN
2025-04-15 08:46:40,464 - Logger - INFO - Processed chunk size:41// 9900
2025-04-15 08:46:40,464 - Logger - INFO - Sending chunk for JOHN
2025-04-15 08:46:40,912 - Logger - INFO - Processed chunk size:42// 9900
2025-04-15 08:46:40,912 - Logger - INFO - Sending chunk for JOHN
2025-04-15 08:46:41,395 - Logger - INFO - Processed chunk size:43// 9900
2025-04-15 08:46:41,395 - Logger - INFO - Sending chunk for JOHN
2025-04-15 08:46:41,900 - Logger - INFO - Processed chunk size:44// 9900
2025-04-15 08:46:41,900 - Logger - INFO - Sending chunk for JOHN
2025-04-15 08:46:42,439 - Logger - INFO - Processed chunk size:45// 9900
2025-04-15 08:46:42,439 - Logger - INFO - Sending chunk for JOHN
2025-04-15 08:46:43,004 - Logger - INFO - Processed chunk size:46// 9900
2025-04-15 08:46:43,005 - Logger - INFO - Sending chunk for JOHN
2025-04-15 08:46:43,609 - Logger - INFO - Processed chunk size:47// 9900
2025-04-15 08:46:43,609 - Logger - INFO - Sending chunk for JOHN
2025-04-15 08:46:44,244 - Logger - INFO - Processed chunk size:48// 9900
2025-04-15 08:46:44,244 - Logger - INFO - Sending chunk for JOHN
2025-04-15 08:46:44,900 - Logger - INFO - Processed chunk size:49// 9900
2025-04-15 08:46:44,900 - Logger - INFO - Sending chunk for JOHN
2025-04-15 08:46:45,591 - Logger - INFO - Processed chunk size:50// 9900
2025-04-15 08:46:45,591 - Logger - INFO - Sending chunk for JOHN
2025-04-15 08:46:46,255 - Logger - INFO - Processed chunk size:51// 8420
2025-04-15 08:46:46,255 - Logger - INFO - Sending chunk for JOHN
2025-04-15 08:46:46,256 - Logger - INFO - Completed stream for JOHN
2025-04-15 08:46:46,257 - Logger - INFO - WebSocket connection established
2025-04-15 08:46:46,259 - Logger - INFO - WebSocket connection established
2025-04-15 08:46:46,260 - Logger - INFO - WebSocket connection established
2025-04-15 08:46:46,530 - Logger - INFO - WebSocket connection ID: MANUSH, <starlette.websockets.WebSocket object at 0x768baec7fe80>, {'text': 'The server has been restarted successfully. Please check the logs for more details.', 'stream_id': 'MANUSH'}
2025-04-15 08:46:46,965 - Logger - INFO - Processed chunk size:0// 9444
2025-04-15 08:46:46,965 - Logger - INFO - Sending chunk for MANUSH
2025-04-15 08:46:47,357 - Logger - INFO - Processed chunk size:1// 9900
2025-04-15 08:46:47,357 - Logger - INFO - Sending chunk for MANUSH
2025-04-15 08:46:47,775 - Logger - INFO - Processed chunk size:2// 9900
2025-04-15 08:46:47,775 - Logger - INFO - Sending chunk for MANUSH
2025-04-15 08:46:48,229 - Logger - INFO - Processed chunk size:3// 9900
2025-04-15 08:46:48,229 - Logger - INFO - Sending chunk for MANUSH
2025-04-15 08:46:48,710 - Logger - INFO - Processed chunk size:4// 9900
2025-04-15 08:46:48,710 - Logger - INFO - Sending chunk for MANUSH
2025-04-15 08:46:48,987 - Logger - INFO - Processed chunk size:5// 3416
2025-04-15 08:46:48,987 - Logger - INFO - Sending chunk for MANUSH
2025-04-15 08:46:48,988 - Logger - INFO - Completed stream for MANUSH
2025-04-15 08:46:48,988 - Logger - INFO - WebSocket connection established
2025-04-15 08:46:49,230 - Logger - INFO - WebSocket connection ID: UMMAN CHANDI, <starlette.websockets.WebSocket object at 0x768baec7e530>, {'text': "Today's weather forecast: sunny skies with a high of 75 degrees Fahrenheit and a low of 58 degrees tonight.", 'stream_id': 'UMMAN CHANDI'}
2025-04-15 08:46:49,683 - Logger - INFO - Processed chunk size:0// 9444
2025-04-15 08:46:49,683 - Logger - INFO - Sending chunk for UMMAN CHANDI
2025-04-15 08:46:50,080 - Logger - INFO - Processed chunk size:1// 9900
2025-04-15 08:46:50,080 - Logger - INFO - Sending chunk for UMMAN CHANDI
2025-04-15 08:46:50,499 - Logger - INFO - Processed chunk size:2// 9900
2025-04-15 08:46:50,500 - Logger - INFO - Sending chunk for UMMAN CHANDI
2025-04-15 08:46:50,947 - Logger - INFO - Processed chunk size:3// 9900
2025-04-15 08:46:50,948 - Logger - INFO - Sending chunk for UMMAN CHANDI
2025-04-15 08:46:51,425 - Logger - INFO - Processed chunk size:4// 9900
2025-04-15 08:46:51,425 - Logger - INFO - Sending chunk for UMMAN CHANDI
2025-04-15 08:46:51,932 - Logger - INFO - Processed chunk size:5// 9900
2025-04-15 08:46:51,933 - Logger - INFO - Sending chunk for UMMAN CHANDI
2025-04-15 08:46:52,471 - Logger - INFO - Processed chunk size:6// 9900
2025-04-15 08:46:52,472 - Logger - INFO - Sending chunk for UMMAN CHANDI
2025-04-15 08:46:52,999 - Logger - INFO - Processed chunk size:7// 8876
2025-04-15 08:46:52,999 - Logger - INFO - Sending chunk for UMMAN CHANDI
2025-04-15 08:46:53,000 - Logger - INFO - Completed stream for UMMAN CHANDI
2025-04-15 08:46:53,000 - Logger - INFO - WebSocket connection established
2025-04-15 08:46:53,255 - Logger - INFO - WebSocket connection ID: JACKIE, <starlette.websockets.WebSocket object at 0x768baec7eda0>, {'text': 'Did you know that the speed ', 'stream_id': 'JACKIE'}
2025-04-15 08:46:53,682 - Logger - INFO - Processed chunk size:0// 9444
2025-04-15 08:46:53,682 - Logger - INFO - Sending chunk for JACKIE
2025-04-15 08:46:54,080 - Logger - INFO - Processed chunk size:1// 9900
2025-04-15 08:46:54,080 - Logger - INFO - Sending chunk for JACKIE
2025-04-15 08:46:54,398 - Logger - INFO - Processed chunk size:2// 6940
2025-04-15 08:46:54,398 - Logger - INFO - Sending chunk for JACKIE
2025-04-15 08:46:54,399 - Logger - INFO - Completed stream for JACKIE
2025-04-15 08:46:54,400 - Logger - INFO - WebSocket connection established
2025-04-15 08:46:54,640 - Logger - INFO - WebSocket connection ID: BEAN, <starlette.websockets.WebSocket object at 0x768baec7e350>, {'text': 'To deploy', 'stream_id': 'BEAN'}
2025-04-15 08:46:55,062 - Logger - INFO - Processed chunk size:0// 9444
2025-04-15 08:46:55,062 - Logger - INFO - Sending chunk for BEAN
2025-04-15 08:46:55,188 - Logger - INFO - Processed chunk size:1// 2392
2025-04-15 08:46:55,188 - Logger - INFO - Sending chunk for BEAN
2025-04-15 08:46:55,188 - Logger - INFO - Completed stream for BEAN
